<?xml version="1.0" encoding="UTF-8"?>
<!-- Generated by org.testng.reporters.JUnitReportReporter -->
<testsuite skipped="0" hostname="DESKTOP-LC10JK3" name="Runner.TestRunner" tests="6" failures="0" timestamp="12 Feb 2019 00:35:30 GMT" time="286.957" errors="0">
  <testcase name="feature" time="5.728" classname="Runner.TestRunner"/>
  <testcase name="feature" time="31.142" classname="Runner.TestRunner"/>
  <testcase name="feature" time="111.109" classname="Runner.TestRunner"/>
  <testcase name="feature" time="50.202" classname="Runner.TestRunner"/>
  <testcase name="feature" time="45.964" classname="Runner.TestRunner"/>
  <testcase name="feature" time="42.812" classname="Runner.TestRunner"/>
</testsuite> <!-- Runner.TestRunner -->
